<?xml version="1.0" encoding="UTF-8"?>
<!-- Generated by org.testng.reporters.JUnitReportReporter -->
<testsuite hostname="ELW5126" failures="0" tests="2" name="pk1.TestNGExampleTest" time="0.007" errors="0" timestamp="2022-09-26T17:19:17 IST" skipped="0">
  <testcase classname="pk1.TestNGExampleTest" name="testCase2" time="0.001"/>
  <system-out/>
  <testcase classname="pk1.TestNGExampleTest" name="testCase1" time="0.006"/>
  <system-out/>
</testsuite> <!-- pk1.TestNGExampleTest -->
