<?xml version="1.0" encoding="UTF-8"?>
<!-- Generated by org.testng.reporters.JUnitReportReporter -->
<testsuite hostname="ELW5126" failures="0" tests="2" name="pk1.HrmApplication" time="12.457" errors="0" timestamp="2022-09-26T17:58:02 IST" skipped="0">
  <testcase classname="pk1.HrmApplication" name="logout" time="4.296"/>
  <system-out/>
  <testcase classname="pk1.HrmApplication" name="login" time="8.161"/>
  <system-out/>
</testsuite> <!-- pk1.HrmApplication -->
